

Started GET "/assets/rails.png" for 127.0.0.1 at Wed Jan 04 13:47:29 -0600 2012
Served asset /rails.png - 200 OK (9ms)


Started GET "/assets/rails.png" for 127.0.0.1 at Wed Jan 04 13:47:50 -0600 2012
Served asset /rails.png - 200 OK (0ms)


Started GET "/assets/rails.png" for 127.0.0.1 at 2012-01-06 09:29:26 -0600
Served asset /rails.png - 304 Not Modified (2ms)
  [1m[36m (0.1ms)[0m  [1mselect sqlite_version(*)[0m
  [1m[35m (253.2ms)[0m  CREATE TABLE "schema_migrations" ("version" varchar(255) NOT NULL) 
  [1m[36m (0.1ms)[0m  [1mPRAGMA index_list("schema_migrations")[0m
  [1m[35m (187.1ms)[0m  CREATE UNIQUE INDEX "unique_schema_migrations" ON "schema_migrations" ("version")
  [1m[36m (0.1ms)[0m  [1mSELECT "schema_migrations"."version" FROM "schema_migrations" [0m
Migrating to CreateUsers (20120106173556)
  [1m[35m (0.7ms)[0m  CREATE TABLE "users" ("id" INTEGER PRIMARY KEY AUTOINCREMENT NOT NULL, "user_name" varchar(255), "email" varchar(255), "first_name" varchar(255), "last_name" varchar(255), "admin" boolean, "recieve_email" boolean, "password" varchar(255), "created_at" datetime, "updated_at" datetime) 
  [1m[36m (0.2ms)[0m  [1mINSERT INTO "schema_migrations" ("version") VALUES ('20120106173556')[0m
  [1m[35m (0.3ms)[0m  select sqlite_version(*)
  [1m[36m (0.1ms)[0m  [1mSELECT "schema_migrations"."version" FROM "schema_migrations" [0m
  [1m[35m (0.0ms)[0m  PRAGMA index_list("users")
  [1m[36m (0.1ms)[0m  [1mSELECT "schema_migrations"."version" FROM "schema_migrations" [0m
Migrating to CreateUsers (20120106173556)
Migrating to CreateCourses (20120106173800)
  [1m[35m (0.0ms)[0m  select sqlite_version(*)
  [1m[36m (0.5ms)[0m  [1mCREATE TABLE "courses" ("id" INTEGER PRIMARY KEY AUTOINCREMENT NOT NULL, "name" varchar(255), "number" varchar(255), "department" varchar(255), "created_at" datetime, "updated_at" datetime) [0m
  [1m[35m (0.1ms)[0m  INSERT INTO "schema_migrations" ("version") VALUES ('20120106173800')
Migrating to CreateSemesters (20120106174005)
  [1m[36m (0.1ms)[0m  [1mSELECT "schema_migrations"."version" FROM "schema_migrations" [0m
Migrating to CreateUsers (20120106173556)
Migrating to CreateCourses (20120106173800)
Migrating to CreateSemesters (20120106174005)
  [1m[35m (0.0ms)[0m  select sqlite_version(*)
  [1m[36m (0.5ms)[0m  [1mCREATE TABLE "semesters" ("id" INTEGER PRIMARY KEY AUTOINCREMENT NOT NULL, "start_date" date, "end_date" date, "name" varchar(255), "created_at" datetime, "updated_at" datetime) [0m
  [1m[35m (0.1ms)[0m  INSERT INTO "schema_migrations" ("version") VALUES ('20120106174005')
Migrating to CreateSections (20120106174048)
  [1m[36m (0.6ms)[0m  [1mCREATE TABLE "sections" ("id" INTEGER PRIMARY KEY AUTOINCREMENT NOT NULL, "number" integer, "room_number" varchar(255), "created_at" datetime, "updated_at" datetime) [0m
  [1m[35m (0.2ms)[0m  INSERT INTO "schema_migrations" ("version") VALUES ('20120106174048')
Migrating to CreateEnrolledStudents (20120106174308)
  [1m[36m (0.6ms)[0m  [1mCREATE TABLE "enrolled_students" ("id" INTEGER PRIMARY KEY AUTOINCREMENT NOT NULL, "created_at" datetime, "updated_at" datetime) [0m
  [1m[35m (0.2ms)[0m  INSERT INTO "schema_migrations" ("version") VALUES ('20120106174308')
Migrating to CreateTests (20120106174415)
  [1m[36m (0.7ms)[0m  [1mCREATE TABLE "tests" ("id" INTEGER PRIMARY KEY AUTOINCREMENT NOT NULL, "name" varchar(255), "description" text, "start_time" datetime, "end_time" datetime, "time_submitted" boolean, "created_at" datetime, "updated_at" datetime) [0m
  [1m[35m (0.1ms)[0m  INSERT INTO "schema_migrations" ("version") VALUES ('20120106174415')
Migrating to CreateStudentTests (20120106174710)
  [1m[36m (0.7ms)[0m  [1mCREATE TABLE "student_tests" ("id" INTEGER PRIMARY KEY AUTOINCREMENT NOT NULL, "time_started" datetime, "time_submitted" datetime, "created_at" datetime, "updated_at" datetime) [0m
  [1m[35m (0.2ms)[0m  INSERT INTO "schema_migrations" ("version") VALUES ('20120106174710')
Migrating to CreateQuestions (20120106175111)
  [1m[36m (0.6ms)[0m  [1mCREATE TABLE "questions" ("id" INTEGER PRIMARY KEY AUTOINCREMENT NOT NULL, "possible_marks" float, "text" text, "bonus" boolean, "name" varchar(255), "created_at" datetime, "updated_at" datetime) [0m
  [1m[35m (0.2ms)[0m  INSERT INTO "schema_migrations" ("version") VALUES ('20120106175111')
Migrating to CreateAnswers (20120106175545)
  [1m[36m (0.7ms)[0m  [1mCREATE TABLE "answers" ("id" INTEGER PRIMARY KEY AUTOINCREMENT NOT NULL, "earned_marks" float, "time_taken" float, "time_submitted" datetime, "created_at" datetime, "updated_at" datetime) [0m
  [1m[35m (0.2ms)[0m  INSERT INTO "schema_migrations" ("version") VALUES ('20120106175545')
  [1m[36m (0.4ms)[0m  [1mselect sqlite_version(*)[0m
  [1m[35m (0.1ms)[0m  SELECT "schema_migrations"."version" FROM "schema_migrations" 
  [1m[36m (0.0ms)[0m  [1mPRAGMA index_list("answers")[0m
  [1m[35m (0.0ms)[0m  PRAGMA index_list("courses")
  [1m[36m (0.0ms)[0m  [1mPRAGMA index_list("enrolled_students")[0m
  [1m[35m (0.0ms)[0m  PRAGMA index_list("questions")
  [1m[36m (0.0ms)[0m  [1mPRAGMA index_list("sections")[0m
  [1m[35m (0.0ms)[0m  PRAGMA index_list("semesters")
  [1m[36m (0.0ms)[0m  [1mPRAGMA index_list("student_tests")[0m
  [1m[35m (0.0ms)[0m  PRAGMA index_list("tests")
  [1m[36m (0.0ms)[0m  [1mPRAGMA index_list("users")[0m
  [1m[36m (0.1ms)[0m  [1mSELECT "schema_migrations"."version" FROM "schema_migrations" [0m
Migrating to CreateUsers (20120106173556)
Migrating to CreateCourses (20120106173800)
Migrating to CreateSemesters (20120106174005)
Migrating to CreateSections (20120106174048)
Migrating to CreateEnrolledStudents (20120106174308)
Migrating to CreateTests (20120106174415)
Migrating to CreateStudentTests (20120106174710)
Migrating to CreateQuestions (20120106175111)
Migrating to CreateAnswers (20120106175545)
  [1m[35m (0.4ms)[0m  select sqlite_version(*)
  [1m[36m (0.1ms)[0m  [1mSELECT "schema_migrations"."version" FROM "schema_migrations" [0m
  [1m[35m (0.0ms)[0m  PRAGMA index_list("answers")
  [1m[36m (0.0ms)[0m  [1mPRAGMA index_list("courses")[0m
  [1m[35m (0.0ms)[0m  PRAGMA index_list("enrolled_students")
  [1m[36m (0.0ms)[0m  [1mPRAGMA index_list("questions")[0m
  [1m[35m (0.0ms)[0m  PRAGMA index_list("sections")
  [1m[36m (0.0ms)[0m  [1mPRAGMA index_list("semesters")[0m
  [1m[35m (0.0ms)[0m  PRAGMA index_list("student_tests")
  [1m[36m (0.0ms)[0m  [1mPRAGMA index_list("tests")[0m
  [1m[35m (0.0ms)[0m  PRAGMA index_list("users")
  [1m[36m (0.4ms)[0m  [1mselect sqlite_version(*)[0m
  [1m[35m (232.4ms)[0m  CREATE TABLE "answers" ("id" INTEGER PRIMARY KEY AUTOINCREMENT NOT NULL, "earned_marks" float, "time_taken" float, "time_submitted" datetime, "created_at" datetime, "updated_at" datetime) 
  [1m[36m (185.3ms)[0m  [1mCREATE TABLE "courses" ("id" INTEGER PRIMARY KEY AUTOINCREMENT NOT NULL, "name" varchar(255), "number" varchar(255), "department" varchar(255), "created_at" datetime, "updated_at" datetime) [0m
  [1m[35m (185.9ms)[0m  CREATE TABLE "enrolled_students" ("id" INTEGER PRIMARY KEY AUTOINCREMENT NOT NULL, "created_at" datetime, "updated_at" datetime) 
  [1m[36m (186.0ms)[0m  [1mCREATE TABLE "questions" ("id" INTEGER PRIMARY KEY AUTOINCREMENT NOT NULL, "possible_marks" float, "text" text, "bonus" boolean, "name" varchar(255), "created_at" datetime, "updated_at" datetime) [0m
  [1m[35m (153.3ms)[0m  CREATE TABLE "sections" ("id" INTEGER PRIMARY KEY AUTOINCREMENT NOT NULL, "number" integer, "room_number" varchar(255), "created_at" datetime, "updated_at" datetime) 
  [1m[36m (164.0ms)[0m  [1mCREATE TABLE "semesters" ("id" INTEGER PRIMARY KEY AUTOINCREMENT NOT NULL, "start_date" date, "end_date" date, "name" varchar(255), "created_at" datetime, "updated_at" datetime) [0m
  [1m[35m (176.0ms)[0m  CREATE TABLE "student_tests" ("id" INTEGER PRIMARY KEY AUTOINCREMENT NOT NULL, "time_started" datetime, "time_submitted" datetime, "created_at" datetime, "updated_at" datetime) 
  [1m[36m (152.7ms)[0m  [1mCREATE TABLE "tests" ("id" INTEGER PRIMARY KEY AUTOINCREMENT NOT NULL, "name" varchar(255), "description" text, "start_time" datetime, "end_time" datetime, "time_submitted" boolean, "created_at" datetime, "updated_at" datetime) [0m
  [1m[35m (152.7ms)[0m  CREATE TABLE "users" ("id" INTEGER PRIMARY KEY AUTOINCREMENT NOT NULL, "user_name" varchar(255), "email" varchar(255), "first_name" varchar(255), "last_name" varchar(255), "admin" boolean, "recieve_email" boolean, "password" varchar(255), "created_at" datetime, "updated_at" datetime) 
  [1m[36m (175.6ms)[0m  [1mCREATE TABLE "schema_migrations" ("version" varchar(255) NOT NULL) [0m
  [1m[35m (0.1ms)[0m  PRAGMA index_list("schema_migrations")
  [1m[36m (154.2ms)[0m  [1mCREATE UNIQUE INDEX "unique_schema_migrations" ON "schema_migrations" ("version")[0m
  [1m[35m (0.2ms)[0m  SELECT version FROM "schema_migrations"
  [1m[36m (175.3ms)[0m  [1mINSERT INTO "schema_migrations" (version) VALUES ('20120106175545')[0m
  [1m[35m (187.7ms)[0m  INSERT INTO "schema_migrations" (version) VALUES ('20120106173556')
  [1m[36m (165.6ms)[0m  [1mINSERT INTO "schema_migrations" (version) VALUES ('20120106174048')[0m
  [1m[35m (165.9ms)[0m  INSERT INTO "schema_migrations" (version) VALUES ('20120106174710')
  [1m[36m (154.8ms)[0m  [1mINSERT INTO "schema_migrations" (version) VALUES ('20120106175111')[0m
  [1m[35m (154.7ms)[0m  INSERT INTO "schema_migrations" (version) VALUES ('20120106174005')
  [1m[36m (154.9ms)[0m  [1mINSERT INTO "schema_migrations" (version) VALUES ('20120106174308')[0m
  [1m[35m (156.1ms)[0m  INSERT INTO "schema_migrations" (version) VALUES ('20120106174415')
  [1m[36m (143.8ms)[0m  [1mINSERT INTO "schema_migrations" (version) VALUES ('20120106173800')[0m
  [1m[35m (0.2ms)[0m  SELECT "schema_migrations"."version" FROM "schema_migrations" 
  [1m[36m (0.1ms)[0m  [1mselect sqlite_version(*)[0m
  [1m[35m (177.6ms)[0m  CREATE TABLE "schema_migrations" ("version" varchar(255) NOT NULL) 
  [1m[36m (0.1ms)[0m  [1mPRAGMA index_list("schema_migrations")[0m
  [1m[35m (166.9ms)[0m  CREATE UNIQUE INDEX "unique_schema_migrations" ON "schema_migrations" ("version")
  [1m[36m (0.1ms)[0m  [1mSELECT "schema_migrations"."version" FROM "schema_migrations" [0m
Migrating to CreateUsers (20120106173556)
  [1m[35m (0.4ms)[0m  CREATE TABLE "users" ("id" INTEGER PRIMARY KEY AUTOINCREMENT NOT NULL, "user_name" varchar(255), "email" varchar(255), "first_name" varchar(255), "last_name" varchar(255), "admin" boolean, "recieve_email" boolean, "password" varchar(255), "created_at" datetime, "updated_at" datetime) 
  [1m[36m (0.1ms)[0m  [1mINSERT INTO "schema_migrations" ("version") VALUES ('20120106173556')[0m
Migrating to CreateCourses (20120106173800)
  [1m[35m (0.6ms)[0m  CREATE TABLE "courses" ("id" INTEGER PRIMARY KEY AUTOINCREMENT NOT NULL, "name" varchar(255), "number" varchar(255), "department" varchar(255), "created_at" datetime, "updated_at" datetime) 
  [1m[36m (0.2ms)[0m  [1mINSERT INTO "schema_migrations" ("version") VALUES ('20120106173800')[0m
Migrating to CreateSemesters (20120106174005)
  [1m[35m (0.6ms)[0m  CREATE TABLE "semesters" ("id" INTEGER PRIMARY KEY AUTOINCREMENT NOT NULL, "start_date" date, "end_date" date, "name" varchar(255), "created_at" datetime, "updated_at" datetime) 
  [1m[36m (0.1ms)[0m  [1mINSERT INTO "schema_migrations" ("version") VALUES ('20120106174005')[0m
Migrating to CreateSections (20120106174048)
  [1m[35m (0.3ms)[0m  CREATE TABLE "sections" ("id" INTEGER PRIMARY KEY AUTOINCREMENT NOT NULL, "number" integer, "room_number" varchar(255), "created_at" datetime, "updated_at" datetime) 
  [1m[36m (0.2ms)[0m  [1mINSERT INTO "schema_migrations" ("version") VALUES ('20120106174048')[0m
Migrating to CreateEnrolledStudents (20120106174308)
  [1m[35m (0.6ms)[0m  CREATE TABLE "enrolled_students" ("id" INTEGER PRIMARY KEY AUTOINCREMENT NOT NULL, "created_at" datetime, "updated_at" datetime) 
  [1m[36m (0.2ms)[0m  [1mINSERT INTO "schema_migrations" ("version") VALUES ('20120106174308')[0m
Migrating to CreateTests (20120106174415)
  [1m[35m (0.4ms)[0m  CREATE TABLE "tests" ("id" INTEGER PRIMARY KEY AUTOINCREMENT NOT NULL, "name" varchar(255), "description" text, "start_time" datetime, "end_time" datetime, "time_submitted" boolean, "created_at" datetime, "updated_at" datetime) 
  [1m[36m (0.1ms)[0m  [1mINSERT INTO "schema_migrations" ("version") VALUES ('20120106174415')[0m
Migrating to CreateStudentTests (20120106174710)
  [1m[35m (0.6ms)[0m  CREATE TABLE "student_tests" ("id" INTEGER PRIMARY KEY AUTOINCREMENT NOT NULL, "time_started" datetime, "time_submitted" datetime, "created_at" datetime, "updated_at" datetime) 
  [1m[36m (0.1ms)[0m  [1mINSERT INTO "schema_migrations" ("version") VALUES ('20120106174710')[0m
Migrating to CreateQuestions (20120106175111)
  [1m[35m (0.6ms)[0m  CREATE TABLE "questions" ("id" INTEGER PRIMARY KEY AUTOINCREMENT NOT NULL, "possible_marks" float, "text" text, "bonus" boolean, "name" varchar(255), "created_at" datetime, "updated_at" datetime) 
  [1m[36m (0.1ms)[0m  [1mINSERT INTO "schema_migrations" ("version") VALUES ('20120106175111')[0m
Migrating to CreateAnswers (20120106175545)
  [1m[35m (0.6ms)[0m  CREATE TABLE "answers" ("id" INTEGER PRIMARY KEY AUTOINCREMENT NOT NULL, "earned_marks" float, "time_taken" float, "time_submitted" datetime, "created_at" datetime, "updated_at" datetime) 
  [1m[36m (0.2ms)[0m  [1mINSERT INTO "schema_migrations" ("version") VALUES ('20120106175545')[0m
  [1m[35m (0.4ms)[0m  select sqlite_version(*)
  [1m[36m (0.1ms)[0m  [1mSELECT "schema_migrations"."version" FROM "schema_migrations" [0m
  [1m[35m (0.0ms)[0m  PRAGMA index_list("answers")
  [1m[36m (0.0ms)[0m  [1mPRAGMA index_list("courses")[0m
  [1m[35m (0.0ms)[0m  PRAGMA index_list("enrolled_students")
  [1m[36m (0.0ms)[0m  [1mPRAGMA index_list("questions")[0m
  [1m[35m (0.0ms)[0m  PRAGMA index_list("sections")
  [1m[36m (0.0ms)[0m  [1mPRAGMA index_list("semesters")[0m
  [1m[35m (0.0ms)[0m  PRAGMA index_list("student_tests")
  [1m[36m (0.0ms)[0m  [1mPRAGMA index_list("tests")[0m
  [1m[35m (0.0ms)[0m  PRAGMA index_list("users")
  [1m[36m (0.1ms)[0m  [1mSELECT "schema_migrations"."version" FROM "schema_migrations" [0m
Migrating to CreateUsers (20120106173556)
Migrating to CreateCourses (20120106173800)
Migrating to CreateSemesters (20120106174005)
Migrating to CreateSections (20120106174048)
Migrating to CreateEnrolledStudents (20120106174308)
Migrating to CreateStudentTests (20120106174710)
Migrating to CreateQuestions (20120106175111)
Migrating to CreateAnswers (20120106175545)
Migrating to CreateSectionTests (20120109201919)
  [1m[35m (0.0ms)[0m  select sqlite_version(*)
  [1m[36m (0.5ms)[0m  [1mCREATE TABLE "section_tests" ("id" INTEGER PRIMARY KEY AUTOINCREMENT NOT NULL, "name" varchar(255), "description" text, "start_time" datetime, "end_time" datetime, "time_submitted" datetime, "created_at" datetime, "updated_at" datetime) [0m
  [1m[35m (0.1ms)[0m  INSERT INTO "schema_migrations" ("version") VALUES ('20120109201919')
  [1m[36m (0.4ms)[0m  [1mselect sqlite_version(*)[0m
  [1m[35m (0.1ms)[0m  SELECT "schema_migrations"."version" FROM "schema_migrations" 
  [1m[36m (0.0ms)[0m  [1mPRAGMA index_list("answers")[0m
  [1m[35m (0.0ms)[0m  PRAGMA index_list("courses")
  [1m[36m (0.0ms)[0m  [1mPRAGMA index_list("enrolled_students")[0m
  [1m[35m (0.0ms)[0m  PRAGMA index_list("questions")
  [1m[36m (0.0ms)[0m  [1mPRAGMA index_list("section_tests")[0m
  [1m[35m (0.0ms)[0m  PRAGMA index_list("sections")
  [1m[36m (0.0ms)[0m  [1mPRAGMA index_list("semesters")[0m
  [1m[35m (0.0ms)[0m  PRAGMA index_list("student_tests")
  [1m[36m (0.0ms)[0m  [1mPRAGMA index_list("tests")[0m
  [1m[35m (0.0ms)[0m  PRAGMA index_list("users")


Started GET "/assets/rails.png" for 127.0.0.1 at 2012-01-10 10:03:48 -0600
Served asset /rails.png - 304 Not Modified (20ms)


Started GET "/sections" for 127.0.0.1 at 2012-01-10 10:03:52 -0600
  Processing by SectionsController#index as HTML
  [1m[36mSection Load (0.1ms)[0m  [1mSELECT "sections".* FROM "sections" [0m
Rendered sections/index.html.erb within layouts/application (27.0ms)
Compiled application.css  (10ms)  (pid 10887)
Compiled answers.css  (21ms)  (pid 10887)
Compiled courses.css  (0ms)  (pid 10887)
Compiled enrolled_students.css  (0ms)  (pid 10887)
Compiled questions.css  (0ms)  (pid 10887)
Compiled scaffolds.css  (6ms)  (pid 10887)
Compiled section_tests.css  (0ms)  (pid 10887)
Compiled sections.css  (0ms)  (pid 10887)
Compiled semesters.css  (0ms)  (pid 10887)
Compiled student_tests.css  (0ms)  (pid 10887)
Compiled users.css  (1ms)  (pid 10887)
Compiled application.js  (13ms)  (pid 10887)
Compiled jquery.js  (1ms)  (pid 10887)
Compiled jquery_ujs.js  (0ms)  (pid 10887)
Compiled answers.js  (400ms)  (pid 10887)
Compiled courses.js  (83ms)  (pid 10887)
Compiled enrolled_students.js  (82ms)  (pid 10887)
Compiled questions.js  (82ms)  (pid 10887)
Compiled section_tests.js  (81ms)  (pid 10887)
Compiled sections.js  (105ms)  (pid 10887)
Compiled semesters.js  (80ms)  (pid 10887)
Compiled student_tests.js  (81ms)  (pid 10887)
Compiled users.js  (79ms)  (pid 10887)
Completed 200 OK in 1589ms (Views: 1587.9ms | ActiveRecord: 0.1ms)


Started GET "/studen" for 127.0.0.1 at 2012-01-10 10:03:54 -0600

ActionController::RoutingError (No route matches [GET] "/studen"):
  

Rendered /home/garrett/.rvm/gems/ruby-1.9.2-p290/gems/actionpack-3.1.3/lib/action_dispatch/middleware/templates/rescues/routing_error.erb within rescues/layout (0.4ms)


Started GET "/students" for 127.0.0.1 at 2012-01-10 10:03:54 -0600

ActionController::RoutingError (No route matches [GET] "/students"):
  

Rendered /home/garrett/.rvm/gems/ruby-1.9.2-p290/gems/actionpack-3.1.3/lib/action_dispatch/middleware/templates/rescues/routing_error.erb within rescues/layout (0.3ms)


Started GET "/users" for 127.0.0.1 at 2012-01-10 10:03:58 -0600
  Processing by UsersController#index as HTML
  [1m[35mUser Load (0.1ms)[0m  SELECT "users".* FROM "users" 
Rendered users/index.html.erb within layouts/application (0.8ms)
Completed 200 OK in 8ms (Views: 7.5ms | ActiveRecord: 0.1ms)


Started GET "/assets/application.css?body=1" for 127.0.0.1 at 2012-01-10 10:03:58 -0600
Served asset /application.css - 200 OK (0ms)


Started GET "/assets/answers.css?body=1" for 127.0.0.1 at 2012-01-10 10:03:58 -0600
Served asset /answers.css - 200 OK (1ms)


Started GET "/assets/courses.css?body=1" for 127.0.0.1 at 2012-01-10 10:03:58 -0600
Served asset /courses.css - 200 OK (3ms)


Started GET "/assets/questions.css?body=1" for 127.0.0.1 at 2012-01-10 10:03:58 -0600
Served asset /questions.css - 200 OK (1ms)


Started GET "/assets/enrolled_students.css?body=1" for 127.0.0.1 at 2012-01-10 10:03:58 -0600
Served asset /enrolled_students.css - 200 OK (1ms)


Started GET "/assets/semesters.css?body=1" for 127.0.0.1 at 2012-01-10 10:03:58 -0600
Served asset /semesters.css - 200 OK (1ms)


Started GET "/assets/users.css?body=1" for 127.0.0.1 at 2012-01-10 10:03:58 -0600
Served asset /users.css - 200 OK (4ms)


Started GET "/assets/jquery.js?body=1" for 127.0.0.1 at 2012-01-10 10:03:58 -0600
Served asset /jquery.js - 200 OK (2ms)


Started GET "/assets/student_tests.css?body=1" for 127.0.0.1 at 2012-01-10 10:03:58 -0600
Served asset /student_tests.css - 200 OK (3ms)


Started GET "/assets/scaffolds.css?body=1" for 127.0.0.1 at 2012-01-10 10:03:58 -0600
Served asset /scaffolds.css - 200 OK (1ms)


Started GET "/assets/jquery_ujs.js?body=1" for 127.0.0.1 at 2012-01-10 10:03:58 -0600
Served asset /jquery_ujs.js - 200 OK (1ms)


Started GET "/assets/sections.css?body=1" for 127.0.0.1 at 2012-01-10 10:03:58 -0600
Served asset /sections.css - 200 OK (2ms)


Started GET "/assets/answers.js?body=1" for 127.0.0.1 at 2012-01-10 10:03:58 -0600
Served asset /answers.js - 200 OK (1ms)


Started GET "/assets/courses.js?body=1" for 127.0.0.1 at 2012-01-10 10:03:58 -0600
Served asset /courses.js - 200 OK (1ms)


Started GET "/assets/enrolled_students.js?body=1" for 127.0.0.1 at 2012-01-10 10:03:58 -0600
Served asset /enrolled_students.js - 200 OK (1ms)


Started GET "/assets/section_tests.css?body=1" for 127.0.0.1 at 2012-01-10 10:03:58 -0600
Served asset /section_tests.css - 200 OK (1ms)


Started GET "/assets/questions.js?body=1" for 127.0.0.1 at 2012-01-10 10:03:58 -0600
Served asset /questions.js - 200 OK (1ms)


Started GET "/assets/section_tests.js?body=1" for 127.0.0.1 at 2012-01-10 10:03:58 -0600
Served asset /section_tests.js - 200 OK (1ms)


Started GET "/assets/sections.js?body=1" for 127.0.0.1 at 2012-01-10 10:03:58 -0600
Served asset /sections.js - 200 OK (1ms)


Started GET "/assets/semesters.js?body=1" for 127.0.0.1 at 2012-01-10 10:03:58 -0600
Served asset /semesters.js - 200 OK (1ms)


Started GET "/assets/users.js?body=1" for 127.0.0.1 at 2012-01-10 10:03:58 -0600
Served asset /users.js - 200 OK (1ms)


Started GET "/assets/student_tests.js?body=1" for 127.0.0.1 at 2012-01-10 10:03:58 -0600
Served asset /student_tests.js - 200 OK (1ms)


Started GET "/assets/application.js?body=1" for 127.0.0.1 at 2012-01-10 10:03:58 -0600
Served asset /application.js - 200 OK (0ms)
  [1m[36m (0.1ms)[0m  [1mSELECT "schema_migrations"."version" FROM "schema_migrations" [0m
Migrating to CreateUsers (20120106173556)
Migrating to CreateCourses (20120106173800)
Migrating to CreateSemesters (20120106174005)
Migrating to CreateSections (20120106174048)
Migrating to CreateEnrolledStudents (20120106174308)
Migrating to CreateStudentTests (20120106174710)
Migrating to CreateQuestions (20120106175111)
Migrating to CreateAnswers (20120106175545)
Migrating to CreateSectionTests (20120109201919)
Migrating to AddAssociationIdsToSection (20120110154747)
  [1m[35m (0.0ms)[0m  select sqlite_version(*)
  [1m[36m (0.2ms)[0m  [1mALTER TABLE "sections" ADD "professor_id" integer[0m
  [1m[35m (0.1ms)[0m  ALTER TABLE "sections" ADD "course_id" integer
  [1m[36m (0.1ms)[0m  [1mALTER TABLE "sections" ADD "semester_id" integer[0m
  [1m[35m (0.1ms)[0m  INSERT INTO "schema_migrations" ("version") VALUES ('20120110154747')
Migrating to AddAssociationsToAnswer (20120110155013)
  [1m[36m (0.2ms)[0m  [1mALTER TABLE "answers" ADD "student_test_id" integer[0m
  [1m[35m (0.1ms)[0m  ALTER TABLE "answers" ADD "question_id" integer
  [1m[36m (0.1ms)[0m  [1mINSERT INTO "schema_migrations" ("version") VALUES ('20120110155013')[0m
Migrating to AddAssociationsToEnrolledStudent (20120110155104)
  [1m[35m (0.2ms)[0m  ALTER TABLE "enrolled_students" ADD "student_id" integer
  [1m[36m (0.1ms)[0m  [1mALTER TABLE "enrolled_students" ADD "section_id" integer[0m
  [1m[35m (0.1ms)[0m  INSERT INTO "schema_migrations" ("version") VALUES ('20120110155104')
Migrating to AddAssociationsToQuestion (20120110155139)
  [1m[36m (0.2ms)[0m  [1mALTER TABLE "questions" ADD "test_id" integer[0m
  [1m[35m (0.0ms)[0m  INSERT INTO "schema_migrations" ("version") VALUES ('20120110155139')
Migrating to AddAssociationsToSectionTest (20120110155215)
  [1m[36m (0.2ms)[0m  [1mALTER TABLE "section_tests" ADD "section_id" integer[0m
  [1m[35m (0.0ms)[0m  INSERT INTO "schema_migrations" ("version") VALUES ('20120110155215')
Migrating to AddAssociationsToStudentTest (20120110155305)
  [1m[36m (0.2ms)[0m  [1mALTER TABLE "student_tests" ADD "enrolled_student_id" integer[0m
  [1m[35m (0.1ms)[0m  ALTER TABLE "student_tests" ADD "test_id" integer
  [1m[36m (0.1ms)[0m  [1mINSERT INTO "schema_migrations" ("version") VALUES ('20120110155305')[0m
Migrating to AddTypeToUsers (20120110160843)
  [1m[35m (0.2ms)[0m  ALTER TABLE "users" ADD "type" varchar(255)
  [1m[36m (0.0ms)[0m  [1mINSERT INTO "schema_migrations" ("version") VALUES ('20120110160843')[0m
Migrating to AddProfAttributesToUsers (20120110161853)
  [1m[35m (0.3ms)[0m  ALTER TABLE "users" ADD "office_number" varchar(255)
  [1m[36m (0.1ms)[0m  [1mALTER TABLE "users" ADD "office_hours" varchar(255)[0m
  [1m[35m (0.1ms)[0m  INSERT INTO "schema_migrations" ("version") VALUES ('20120110161853')
Migrating to AddStudentAttributesToUsers (20120110161932)
  [1m[36m (0.2ms)[0m  [1mALTER TABLE "users" ADD "student_number" integer[0m
  [1m[35m (0.1ms)[0m  INSERT INTO "schema_migrations" ("version") VALUES ('20120110161932')
  [1m[36m (0.2ms)[0m  [1mselect sqlite_version(*)[0m
  [1m[35m (0.1ms)[0m  SELECT "schema_migrations"."version" FROM "schema_migrations" 
  [1m[36m (0.0ms)[0m  [1mPRAGMA index_list("answers")[0m
  [1m[35m (0.0ms)[0m  PRAGMA index_list("courses")
  [1m[36m (0.0ms)[0m  [1mPRAGMA index_list("enrolled_students")[0m
  [1m[35m (0.0ms)[0m  PRAGMA index_list("questions")
  [1m[36m (0.0ms)[0m  [1mPRAGMA index_list("section_tests")[0m
  [1m[35m (0.0ms)[0m  PRAGMA index_list("sections")
  [1m[36m (0.0ms)[0m  [1mPRAGMA index_list("semesters")[0m
  [1m[35m (0.0ms)[0m  PRAGMA index_list("student_tests")
  [1m[36m (0.0ms)[0m  [1mPRAGMA index_list("tests")[0m
  [1m[35m (0.0ms)[0m  PRAGMA index_list("users")


Started GET "/users" for 127.0.0.1 at 2012-01-10 10:24:49 -0600
  Processing by UsersController#index as HTML
  [1m[36mUser Load (0.1ms)[0m  [1mSELECT "users".* FROM "users" [0m
Rendered users/index.html.erb within layouts/application (100.1ms)
Completed 500 Internal Server Error in 108ms

ActionView::Template::Error (undefined method `student_path' for #<#<Class:0x000000044b7310>:0x0000000449ebf8>):
    23:     <td><%= user.admin %></td>
    24:     <td><%= user.recieve_email %></td>
    25:     <td><%= user.password %></td>
    26:     <td><%= link_to 'Show', user %></td>
    27:     <td><%= link_to 'Edit', edit_user_path(user) %></td>
    28:     <td><%= link_to 'Destroy', user, confirm: 'Are you sure?', method: :delete %></td>
    29:   </tr>
  app/views/users/index.html.erb:26:in `block in _app_views_users_index_html_erb__4145191969549291175_34070160'
  app/views/users/index.html.erb:17:in `each'
  app/views/users/index.html.erb:17:in `_app_views_users_index_html_erb__4145191969549291175_34070160'
  app/controllers/users_controller.rb:7:in `index'

Rendered /home/garrett/.rvm/gems/ruby-1.9.2-p290/gems/actionpack-3.1.3/lib/action_dispatch/middleware/templates/rescues/_trace.erb (22.3ms)
Rendered /home/garrett/.rvm/gems/ruby-1.9.2-p290/gems/actionpack-3.1.3/lib/action_dispatch/middleware/templates/rescues/_request_and_response.erb (0.6ms)
Rendered /home/garrett/.rvm/gems/ruby-1.9.2-p290/gems/actionpack-3.1.3/lib/action_dispatch/middleware/templates/rescues/template_error.erb within rescues/layout (24.3ms)


Started GET "/users" for 127.0.0.1 at 2012-01-10 10:24:51 -0600
  Processing by UsersController#index as HTML
  [1m[35mUser Load (0.1ms)[0m  SELECT "users".* FROM "users" 
Rendered users/index.html.erb within layouts/application (88.5ms)
Completed 500 Internal Server Error in 96ms

ActionView::Template::Error (undefined method `student_path' for #<#<Class:0x000000042146a8>:0x00000004210350>):
    23:     <td><%= user.admin %></td>
    24:     <td><%= user.recieve_email %></td>
    25:     <td><%= user.password %></td>
    26:     <td><%= link_to 'Show', user %></td>
    27:     <td><%= link_to 'Edit', edit_user_path(user) %></td>
    28:     <td><%= link_to 'Destroy', user, confirm: 'Are you sure?', method: :delete %></td>
    29:   </tr>
  app/views/users/index.html.erb:26:in `block in _app_views_users_index_html_erb__4145191969549291175_34070160'
  app/views/users/index.html.erb:17:in `each'
  app/views/users/index.html.erb:17:in `_app_views_users_index_html_erb__4145191969549291175_34070160'
  app/controllers/users_controller.rb:7:in `index'

Rendered /home/garrett/.rvm/gems/ruby-1.9.2-p290/gems/actionpack-3.1.3/lib/action_dispatch/middleware/templates/rescues/_trace.erb (0.7ms)
Rendered /home/garrett/.rvm/gems/ruby-1.9.2-p290/gems/actionpack-3.1.3/lib/action_dispatch/middleware/templates/rescues/_request_and_response.erb (0.5ms)
Rendered /home/garrett/.rvm/gems/ruby-1.9.2-p290/gems/actionpack-3.1.3/lib/action_dispatch/middleware/templates/rescues/template_error.erb within rescues/layout (2.4ms)


Started GET "/assets/rails.png" for 127.0.0.1 at 2012-01-10 12:34:43 -0600
Served asset /rails.png - 304 Not Modified (0ms)


Started GET "/q" for 127.0.0.1 at 2012-01-10 12:34:51 -0600

ActionController::RoutingError (No route matches [GET] "/q"):
  

Rendered /home/garrett/.rvm/gems/ruby-1.9.2-p290/gems/actionpack-3.1.3/lib/action_dispatch/middleware/templates/rescues/routing_error.erb within rescues/layout (0.5ms)


Started GET "/questions" for 127.0.0.1 at 2012-01-10 12:34:52 -0600

ArgumentError (Unknown validator: 'GreaterThanOrEqualToValidator'):
  app/models/question.rb:13:in `<class:Question>'
  app/models/question.rb:2:in `<top (required)>'
  app/controllers/questions_controller.rb:1:in `<top (required)>'

Rendered /home/garrett/.rvm/gems/ruby-1.9.2-p290/gems/actionpack-3.1.3/lib/action_dispatch/middleware/templates/rescues/_trace.erb (0.7ms)
Rendered /home/garrett/.rvm/gems/ruby-1.9.2-p290/gems/actionpack-3.1.3/lib/action_dispatch/middleware/templates/rescues/_request_and_response.erb (0.5ms)
Rendered /home/garrett/.rvm/gems/ruby-1.9.2-p290/gems/actionpack-3.1.3/lib/action_dispatch/middleware/templates/rescues/diagnostics.erb within rescues/layout (2.3ms)


Started GET "/a" for 127.0.0.1 at 2012-01-10 12:35:00 -0600

ActionController::RoutingError (No route matches [GET] "/a"):
  

Rendered /home/garrett/.rvm/gems/ruby-1.9.2-p290/gems/actionpack-3.1.3/lib/action_dispatch/middleware/templates/rescues/routing_error.erb within rescues/layout (0.5ms)


Started GET "/ans" for 127.0.0.1 at 2012-01-10 12:35:01 -0600

ActionController::RoutingError (No route matches [GET] "/ans"):
  

Rendered /home/garrett/.rvm/gems/ruby-1.9.2-p290/gems/actionpack-3.1.3/lib/action_dispatch/middleware/templates/rescues/routing_error.erb within rescues/layout (0.4ms)


Started GET "/answ" for 127.0.0.1 at 2012-01-10 12:35:01 -0600

ActionController::RoutingError (No route matches [GET] "/answ"):
  

Rendered /home/garrett/.rvm/gems/ruby-1.9.2-p290/gems/actionpack-3.1.3/lib/action_dispatch/middleware/templates/rescues/routing_error.erb within rescues/layout (0.4ms)


Started GET "/answre" for 127.0.0.1 at 2012-01-10 12:35:01 -0600

ActionController::RoutingError (No route matches [GET] "/answre"):
  

Rendered /home/garrett/.rvm/gems/ruby-1.9.2-p290/gems/actionpack-3.1.3/lib/action_dispatch/middleware/templates/rescues/routing_error.erb within rescues/layout (0.4ms)


Started GET "/answ" for 127.0.0.1 at 2012-01-10 12:35:02 -0600

ActionController::RoutingError (No route matches [GET] "/answ"):
  

Rendered /home/garrett/.rvm/gems/ruby-1.9.2-p290/gems/actionpack-3.1.3/lib/action_dispatch/middleware/templates/rescues/routing_error.erb within rescues/layout (0.4ms)


Started GET "/ans" for 127.0.0.1 at 2012-01-10 12:35:02 -0600

ActionController::RoutingError (No route matches [GET] "/ans"):
  

Rendered /home/garrett/.rvm/gems/ruby-1.9.2-p290/gems/actionpack-3.1.3/lib/action_dispatch/middleware/templates/rescues/routing_error.erb within rescues/layout (0.4ms)


Started GET "/answers/new" for 127.0.0.1 at 2012-01-10 12:35:07 -0600
  Processing by AnswersController#new as HTML
Rendered answers/_form.html.erb (12.0ms)
Rendered answers/new.html.erb within layouts/application (42.1ms)
Completed 200 OK in 48ms (Views: 47.6ms | ActiveRecord: 0.2ms)


Started GET "/answers/" for 127.0.0.1 at 2012-01-10 12:35:07 -0600
  Processing by AnswersController#index as HTML
  [1m[36mAnswer Load (0.1ms)[0m  [1mSELECT "answers".* FROM "answers" [0m
Rendered answers/index.html.erb within layouts/application (0.7ms)
Completed 200 OK in 7ms (Views: 6.4ms | ActiveRecord: 0.2ms)


Started GET "/answers/" for 127.0.0.1 at 2012-01-10 12:35:45 -0600
  Processing by AnswersController#index as HTML
  [1m[36mAnswer Load (0.1ms)[0m  [1mSELECT "answers".* FROM "answers" [0m
Rendered answers/index.html.erb within layouts/application (7.4ms)
Completed 200 OK in 67ms (Views: 65.9ms | ActiveRecord: 0.1ms)


Started GET "/assets/application.css?body=1" for 127.0.0.1 at 2012-01-10 12:35:45 -0600
Served asset /application.css - 304 Not Modified (0ms)


Started GET "/assets/answers.css?body=1" for 127.0.0.1 at 2012-01-10 12:35:45 -0600
Served asset /answers.css - 304 Not Modified (1ms)


Started GET "/assets/sections.css?body=1" for 127.0.0.1 at 2012-01-10 12:35:45 -0600
Served asset /sections.css - 304 Not Modified (1ms)


Started GET "/assets/semesters.css?body=1" for 127.0.0.1 at 2012-01-10 12:35:45 -0600
Served asset /semesters.css - 304 Not Modified (6ms)


Started GET "/assets/courses.css?body=1" for 127.0.0.1 at 2012-01-10 12:35:45 -0600
Served asset /courses.css - 304 Not Modified (2ms)


Started GET "/assets/questions.css?body=1" for 127.0.0.1 at 2012-01-10 12:35:45 -0600
Served asset /questions.css - 304 Not Modified (1ms)


Started GET "/assets/section_tests.css?body=1" for 127.0.0.1 at 2012-01-10 12:35:45 -0600
Served asset /section_tests.css - 304 Not Modified (0ms)


Started GET "/assets/student_tests.css?body=1" for 127.0.0.1 at 2012-01-10 12:35:45 -0600
Served asset /student_tests.css - 304 Not Modified (4ms)


Started GET "/assets/enrolled_students.css?body=1" for 127.0.0.1 at 2012-01-10 12:35:45 -0600
Served asset /enrolled_students.css - 304 Not Modified (1ms)


Started GET "/assets/answers.js?body=1" for 127.0.0.1 at 2012-01-10 12:35:45 -0600
Served asset /answers.js - 304 Not Modified (0ms)


Started GET "/assets/scaffolds.css?body=1" for 127.0.0.1 at 2012-01-10 12:35:45 -0600
Served asset /scaffolds.css - 304 Not Modified (1ms)


Started GET "/assets/jquery.js?body=1" for 127.0.0.1 at 2012-01-10 12:35:45 -0600
Served asset /jquery.js - 304 Not Modified (1ms)


Started GET "/assets/users.css?body=1" for 127.0.0.1 at 2012-01-10 12:35:45 -0600
Served asset /users.css - 304 Not Modified (1ms)


Started GET "/assets/courses.js?body=1" for 127.0.0.1 at 2012-01-10 12:35:45 -0600
Served asset /courses.js - 304 Not Modified (0ms)


Started GET "/assets/enrolled_students.js?body=1" for 127.0.0.1 at 2012-01-10 12:35:45 -0600
Served asset /enrolled_students.js - 304 Not Modified (0ms)


Started GET "/assets/section_tests.js?body=1" for 127.0.0.1 at 2012-01-10 12:35:45 -0600
Served asset /section_tests.js - 304 Not Modified (1ms)


Started GET "/assets/jquery_ujs.js?body=1" for 127.0.0.1 at 2012-01-10 12:35:45 -0600
Served asset /jquery_ujs.js - 304 Not Modified (1ms)


Started GET "/assets/questions.js?body=1" for 127.0.0.1 at 2012-01-10 12:35:45 -0600
Served asset /questions.js - 304 Not Modified (3ms)


Started GET "/assets/sections.js?body=1" for 127.0.0.1 at 2012-01-10 12:35:45 -0600
Served asset /sections.js - 304 Not Modified (1ms)


Started GET "/assets/student_tests.js?body=1" for 127.0.0.1 at 2012-01-10 12:35:45 -0600
Served asset /student_tests.js - 304 Not Modified (0ms)


Started GET "/assets/semesters.js?body=1" for 127.0.0.1 at 2012-01-10 12:35:45 -0600
Served asset /semesters.js - 304 Not Modified (1ms)


Started GET "/assets/application.js?body=1" for 127.0.0.1 at 2012-01-10 12:35:45 -0600
Served asset /application.js - 304 Not Modified (0ms)


Started GET "/assets/users.js?body=1" for 127.0.0.1 at 2012-01-10 12:35:45 -0600
Served asset /users.js - 304 Not Modified (37ms)


Started GET "/q/" for 127.0.0.1 at 2012-01-10 12:35:49 -0600

ActionController::RoutingError (No route matches [GET] "/q"):
  

Rendered /home/garrett/.rvm/gems/ruby-1.9.2-p290/gems/actionpack-3.1.3/lib/action_dispatch/middleware/templates/rescues/routing_error.erb within rescues/layout (0.4ms)


Started GET "/questions/" for 127.0.0.1 at 2012-01-10 12:35:50 -0600

ArgumentError (Unknown validator: 'GreaterThanOrEqualToValidator'):
  app/models/question.rb:13:in `<class:Question>'
  app/models/question.rb:2:in `<top (required)>'
  app/controllers/questions_controller.rb:1:in `<top (required)>'

Rendered /home/garrett/.rvm/gems/ruby-1.9.2-p290/gems/actionpack-3.1.3/lib/action_dispatch/middleware/templates/rescues/_trace.erb (0.7ms)
Rendered /home/garrett/.rvm/gems/ruby-1.9.2-p290/gems/actionpack-3.1.3/lib/action_dispatch/middleware/templates/rescues/_request_and_response.erb (0.5ms)
Rendered /home/garrett/.rvm/gems/ruby-1.9.2-p290/gems/actionpack-3.1.3/lib/action_dispatch/middleware/templates/rescues/diagnostics.erb within rescues/layout (2.4ms)


Started GET "/answers/new" for 127.0.0.1 at 2012-01-10 12:36:01 -0600
  Processing by AnswersController#new as HTML
Rendered answers/_form.html.erb (11.5ms)
Rendered answers/new.html.erb within layouts/application (17.3ms)
Completed 200 OK in 24ms (Views: 23.0ms | ActiveRecord: 0.2ms)


Started GET "/assets/application.css?body=1" for 127.0.0.1 at 2012-01-10 12:36:01 -0600
Served asset /application.css - 304 Not Modified (0ms)


Started GET "/assets/answers.css?body=1" for 127.0.0.1 at 2012-01-10 12:36:01 -0600
Served asset /answers.css - 304 Not Modified (0ms)


Started GET "/assets/courses.css?body=1" for 127.0.0.1 at 2012-01-10 12:36:01 -0600
Served asset /courses.css - 304 Not Modified (0ms)


Started GET "/assets/enrolled_students.css?body=1" for 127.0.0.1 at 2012-01-10 12:36:01 -0600
Served asset /enrolled_students.css - 304 Not Modified (0ms)


Started GET "/assets/questions.css?body=1" for 127.0.0.1 at 2012-01-10 12:36:01 -0600
Served asset /questions.css - 304 Not Modified (0ms)


Started GET "/assets/scaffolds.css?body=1" for 127.0.0.1 at 2012-01-10 12:36:01 -0600
Served asset /scaffolds.css - 304 Not Modified (0ms)


Started GET "/assets/section_tests.css?body=1" for 127.0.0.1 at 2012-01-10 12:36:01 -0600
Served asset /section_tests.css - 304 Not Modified (0ms)


Started GET "/assets/sections.css?body=1" for 127.0.0.1 at 2012-01-10 12:36:01 -0600
Served asset /sections.css - 304 Not Modified (0ms)


Started GET "/assets/student_tests.css?body=1" for 127.0.0.1 at 2012-01-10 12:36:01 -0600
Served asset /student_tests.css - 304 Not Modified (0ms)


Started GET "/assets/semesters.css?body=1" for 127.0.0.1 at 2012-01-10 12:36:01 -0600
Served asset /semesters.css - 304 Not Modified (0ms)


Started GET "/assets/users.css?body=1" for 127.0.0.1 at 2012-01-10 12:36:01 -0600
Served asset /users.css - 304 Not Modified (0ms)


Started GET "/assets/jquery.js?body=1" for 127.0.0.1 at 2012-01-10 12:36:01 -0600
Served asset /jquery.js - 304 Not Modified (0ms)


Started GET "/assets/jquery_ujs.js?body=1" for 127.0.0.1 at 2012-01-10 12:36:01 -0600
Served asset /jquery_ujs.js - 304 Not Modified (0ms)


Started GET "/assets/courses.js?body=1" for 127.0.0.1 at 2012-01-10 12:36:01 -0600
Served asset /courses.js - 304 Not Modified (0ms)


Started GET "/assets/answers.js?body=1" for 127.0.0.1 at 2012-01-10 12:36:01 -0600
Served asset /answers.js - 304 Not Modified (0ms)


Started GET "/assets/student_tests.js?body=1" for 127.0.0.1 at 2012-01-10 12:36:01 -0600
Served asset /student_tests.js - 304 Not Modified (0ms)


Started GET "/assets/enrolled_students.js?body=1" for 127.0.0.1 at 2012-01-10 12:36:01 -0600
Served asset /enrolled_students.js - 304 Not Modified (0ms)


Started GET "/assets/semesters.js?body=1" for 127.0.0.1 at 2012-01-10 12:36:01 -0600
Served asset /semesters.js - 304 Not Modified (0ms)


Started GET "/assets/sections.js?body=1" for 127.0.0.1 at 2012-01-10 12:36:01 -0600
Served asset /sections.js - 304 Not Modified (0ms)


Started GET "/assets/section_tests.js?body=1" for 127.0.0.1 at 2012-01-10 12:36:01 -0600
Served asset /section_tests.js - 304 Not Modified (0ms)


Started GET "/assets/application.js?body=1" for 127.0.0.1 at 2012-01-10 12:36:01 -0600
Served asset /application.js - 304 Not Modified (0ms)


Started GET "/assets/questions.js?body=1" for 127.0.0.1 at 2012-01-10 12:36:01 -0600
Served asset /questions.js - 304 Not Modified (0ms)


Started GET "/assets/users.js?body=1" for 127.0.0.1 at 2012-01-10 12:36:01 -0600
Served asset /users.js - 304 Not Modified (0ms)


Started GET "/users" for 127.0.0.1 at 2012-01-10 12:36:35 -0600
  Processing by UsersController#index as HTML
  [1m[35mUser Load (0.1ms)[0m  SELECT "users".* FROM "users" 
Rendered users/index.html.erb within layouts/application (106.3ms)
Completed 500 Internal Server Error in 114ms

ActionView::Template::Error (undefined method `student_path' for #<#<Class:0x00000005151fa8>:0x00000005141428>):
    23:     <td><%= user.admin %></td>
    24:     <td><%= user.recieve_email %></td>
    25:     <td><%= user.password %></td>
    26:     <td><%= link_to 'Show', user %></td>
    27:     <td><%= link_to 'Edit', edit_user_path(user) %></td>
    28:     <td><%= link_to 'Destroy', user, confirm: 'Are you sure?', method: :delete %></td>
    29:   </tr>
  app/views/users/index.html.erb:26:in `block in _app_views_users_index_html_erb___2492095730929970970_42598600'
  app/views/users/index.html.erb:17:in `each'
  app/views/users/index.html.erb:17:in `_app_views_users_index_html_erb___2492095730929970970_42598600'
  app/controllers/users_controller.rb:7:in `index'

Rendered /home/garrett/.rvm/gems/ruby-1.9.2-p290/gems/actionpack-3.1.3/lib/action_dispatch/middleware/templates/rescues/_trace.erb (0.7ms)
Rendered /home/garrett/.rvm/gems/ruby-1.9.2-p290/gems/actionpack-3.1.3/lib/action_dispatch/middleware/templates/rescues/_request_and_response.erb (0.5ms)
Rendered /home/garrett/.rvm/gems/ruby-1.9.2-p290/gems/actionpack-3.1.3/lib/action_dispatch/middleware/templates/rescues/template_error.erb within rescues/layout (2.4ms)


Started GET "/section_tests" for 127.0.0.1 at 2012-01-10 12:36:39 -0600

SyntaxError (/home/garrett/dev/UW-CA-Testing-System/app/models/section_test.rb:14: syntax error, unexpected tSYMBEG
  validates :start_time. :presence => true
                          ^
/home/garrett/dev/UW-CA-Testing-System/app/models/section_test.rb:15: syntax error, unexpected tSYMBEG
  validates :end__time. :presence => true
                         ^):
  app/controllers/section_tests_controller.rb:1:in `<top (required)>'

Rendered /home/garrett/.rvm/gems/ruby-1.9.2-p290/gems/actionpack-3.1.3/lib/action_dispatch/middleware/templates/rescues/_trace.erb (0.7ms)
Rendered /home/garrett/.rvm/gems/ruby-1.9.2-p290/gems/actionpack-3.1.3/lib/action_dispatch/middleware/templates/rescues/_request_and_response.erb (0.5ms)
Rendered /home/garrett/.rvm/gems/ruby-1.9.2-p290/gems/actionpack-3.1.3/lib/action_dispatch/middleware/templates/rescues/diagnostics.erb within rescues/layout (2.4ms)


Started GET "/stu" for 127.0.0.1 at 2012-01-10 12:36:39 -0600

ActionController::RoutingError (No route matches [GET] "/stu"):
  

Rendered /home/garrett/.rvm/gems/ruby-1.9.2-p290/gems/actionpack-3.1.3/lib/action_dispatch/middleware/templates/rescues/routing_error.erb within rescues/layout (0.4ms)


Started GET "/stue" for 127.0.0.1 at 2012-01-10 12:36:39 -0600

ActionController::RoutingError (No route matches [GET] "/stue"):
  

Rendered /home/garrett/.rvm/gems/ruby-1.9.2-p290/gems/actionpack-3.1.3/lib/action_dispatch/middleware/templates/rescues/routing_error.erb within rescues/layout (0.4ms)


Started GET "/stu" for 127.0.0.1 at 2012-01-10 12:36:40 -0600

ActionController::RoutingError (No route matches [GET] "/stu"):
  

Rendered /home/garrett/.rvm/gems/ruby-1.9.2-p290/gems/actionpack-3.1.3/lib/action_dispatch/middleware/templates/rescues/routing_error.erb within rescues/layout (0.4ms)


Started GET "/students" for 127.0.0.1 at 2012-01-10 12:36:40 -0600

ActionController::RoutingError (No route matches [GET] "/students"):
  

Rendered /home/garrett/.rvm/gems/ruby-1.9.2-p290/gems/actionpack-3.1.3/lib/action_dispatch/middleware/templates/rescues/routing_error.erb within rescues/layout (0.4ms)


Started GET "/section_tests" for 127.0.0.1 at 2012-01-10 12:36:46 -0600

SyntaxError (/home/garrett/dev/UW-CA-Testing-System/app/models/section_test.rb:14: syntax error, unexpected tSYMBEG
  validates :start_time. :presence => true
                          ^
/home/garrett/dev/UW-CA-Testing-System/app/models/section_test.rb:15: syntax error, unexpected tSYMBEG
  validates :end__time. :presence => true
                         ^):
  app/controllers/section_tests_controller.rb:1:in `<top (required)>'

Rendered /home/garrett/.rvm/gems/ruby-1.9.2-p290/gems/actionpack-3.1.3/lib/action_dispatch/middleware/templates/rescues/_trace.erb (0.7ms)
Rendered /home/garrett/.rvm/gems/ruby-1.9.2-p290/gems/actionpack-3.1.3/lib/action_dispatch/middleware/templates/rescues/_request_and_response.erb (0.5ms)
Rendered /home/garrett/.rvm/gems/ruby-1.9.2-p290/gems/actionpack-3.1.3/lib/action_dispatch/middleware/templates/rescues/diagnostics.erb within rescues/layout (2.3ms)


Started GET "/section_tets" for 127.0.0.1 at 2012-01-10 12:36:48 -0600

ActionController::RoutingError (No route matches [GET] "/section_tets"):
  

Rendered /home/garrett/.rvm/gems/ruby-1.9.2-p290/gems/actionpack-3.1.3/lib/action_dispatch/middleware/templates/rescues/routing_error.erb within rescues/layout (0.4ms)


Started GET "/section_tet" for 127.0.0.1 at 2012-01-10 12:36:48 -0600

ActionController::RoutingError (No route matches [GET] "/section_tet"):
  

Rendered /home/garrett/.rvm/gems/ruby-1.9.2-p290/gems/actionpack-3.1.3/lib/action_dispatch/middleware/templates/rescues/routing_error.erb within rescues/layout (0.4ms)


Started GET "/section_te" for 127.0.0.1 at 2012-01-10 12:36:49 -0600

ActionController::RoutingError (No route matches [GET] "/section_te"):
  

Rendered /home/garrett/.rvm/gems/ruby-1.9.2-p290/gems/actionpack-3.1.3/lib/action_dispatch/middleware/templates/rescues/routing_error.erb within rescues/layout (0.4ms)


Started GET "/section_tests" for 127.0.0.1 at 2012-01-10 12:36:49 -0600

SyntaxError (/home/garrett/dev/UW-CA-Testing-System/app/models/section_test.rb:14: syntax error, unexpected tSYMBEG
  validates :start_time. :presence => true
                          ^
/home/garrett/dev/UW-CA-Testing-System/app/models/section_test.rb:15: syntax error, unexpected tSYMBEG
  validates :end__time. :presence => true
                         ^):
  app/controllers/section_tests_controller.rb:1:in `<top (required)>'

Rendered /home/garrett/.rvm/gems/ruby-1.9.2-p290/gems/actionpack-3.1.3/lib/action_dispatch/middleware/templates/rescues/_trace.erb (0.7ms)
Rendered /home/garrett/.rvm/gems/ruby-1.9.2-p290/gems/actionpack-3.1.3/lib/action_dispatch/middleware/templates/rescues/_request_and_response.erb (0.5ms)
Rendered /home/garrett/.rvm/gems/ruby-1.9.2-p290/gems/actionpack-3.1.3/lib/action_dispatch/middleware/templates/rescues/diagnostics.erb within rescues/layout (2.4ms)


Started GET "/s_tests" for 127.0.0.1 at 2012-01-10 12:37:08 -0600

ActionController::RoutingError (No route matches [GET] "/s_tests"):
  

Rendered /home/garrett/.rvm/gems/ruby-1.9.2-p290/gems/actionpack-3.1.3/lib/action_dispatch/middleware/templates/rescues/routing_error.erb within rescues/layout (0.5ms)


Started GET "/student_tests" for 127.0.0.1 at 2012-01-10 12:37:09 -0600
  Processing by StudentTestsController#index as HTML
  [1m[36mStudentTest Load (0.1ms)[0m  [1mSELECT "student_tests".* FROM "student_tests" [0m
Rendered student_tests/index.html.erb within layouts/application (0.7ms)
Completed 200 OK in 7ms (Views: 6.4ms | ActiveRecord: 0.1ms)


Started GET "/assets/application.css?body=1" for 127.0.0.1 at 2012-01-10 12:37:09 -0600
Served asset /application.css - 304 Not Modified (0ms)


Started GET "/assets/answers.css?body=1" for 127.0.0.1 at 2012-01-10 12:37:09 -0600
Served asset /answers.css - 304 Not Modified (0ms)


Started GET "/assets/sections.css?body=1" for 127.0.0.1 at 2012-01-10 12:37:09 -0600
Served asset /sections.css - 304 Not Modified (0ms)


Started GET "/assets/questions.css?body=1" for 127.0.0.1 at 2012-01-10 12:37:09 -0600
Served asset /questions.css - 304 Not Modified (0ms)


Started GET "/assets/scaffolds.css?body=1" for 127.0.0.1 at 2012-01-10 12:37:09 -0600
Served asset /scaffolds.css - 304 Not Modified (0ms)


Started GET "/assets/courses.css?body=1" for 127.0.0.1 at 2012-01-10 12:37:09 -0600
Served asset /courses.css - 304 Not Modified (0ms)


Started GET "/assets/semesters.css?body=1" for 127.0.0.1 at 2012-01-10 12:37:09 -0600
Served asset /semesters.css - 304 Not Modified (0ms)


Started GET "/assets/jquery.js?body=1" for 127.0.0.1 at 2012-01-10 12:37:09 -0600
Served asset /jquery.js - 304 Not Modified (0ms)


Started GET "/assets/section_tests.css?body=1" for 127.0.0.1 at 2012-01-10 12:37:09 -0600
Served asset /section_tests.css - 304 Not Modified (0ms)


Started GET "/assets/jquery_ujs.js?body=1" for 127.0.0.1 at 2012-01-10 12:37:09 -0600
Served asset /jquery_ujs.js - 304 Not Modified (0ms)


Started GET "/assets/enrolled_students.css?body=1" for 127.0.0.1 at 2012-01-10 12:37:09 -0600
Served asset /enrolled_students.css - 304 Not Modified (0ms)


Started GET "/assets/users.css?body=1" for 127.0.0.1 at 2012-01-10 12:37:09 -0600
Served asset /users.css - 304 Not Modified (0ms)


Started GET "/assets/student_tests.css?body=1" for 127.0.0.1 at 2012-01-10 12:37:09 -0600
Served asset /student_tests.css - 304 Not Modified (0ms)


Started GET "/assets/answers.js?body=1" for 127.0.0.1 at 2012-01-10 12:37:09 -0600
Served asset /answers.js - 304 Not Modified (0ms)


Started GET "/assets/enrolled_students.js?body=1" for 127.0.0.1 at 2012-01-10 12:37:09 -0600
Served asset /enrolled_students.js - 304 Not Modified (0ms)


Started GET "/assets/student_tests.js?body=1" for 127.0.0.1 at 2012-01-10 12:37:09 -0600
Served asset /student_tests.js - 304 Not Modified (0ms)


Started GET "/assets/users.js?body=1" for 127.0.0.1 at 2012-01-10 12:37:09 -0600
Served asset /users.js - 304 Not Modified (0ms)


Started GET "/assets/courses.js?body=1" for 127.0.0.1 at 2012-01-10 12:37:09 -0600
Served asset /courses.js - 304 Not Modified (0ms)


Started GET "/assets/sections.js?body=1" for 127.0.0.1 at 2012-01-10 12:37:09 -0600
Served asset /sections.js - 304 Not Modified (0ms)


Started GET "/assets/application.js?body=1" for 127.0.0.1 at 2012-01-10 12:37:09 -0600
Served asset /application.js - 304 Not Modified (0ms)


Started GET "/assets/questions.js?body=1" for 127.0.0.1 at 2012-01-10 12:37:09 -0600
Served asset /questions.js - 304 Not Modified (0ms)


Started GET "/assets/section_tests.js?body=1" for 127.0.0.1 at 2012-01-10 12:37:09 -0600
Served asset /section_tests.js - 304 Not Modified (0ms)


Started GET "/assets/semesters.js?body=1" for 127.0.0.1 at 2012-01-10 12:37:09 -0600
Served asset /semesters.js - 304 Not Modified (0ms)


Started GET "/student_tests/new" for 127.0.0.1 at 2012-01-10 12:37:11 -0600
  Processing by StudentTestsController#new as HTML
Rendered student_tests/_form.html.erb (11.3ms)
Rendered student_tests/new.html.erb within layouts/application (12.1ms)
Completed 200 OK in 18ms (Views: 17.7ms | ActiveRecord: 0.2ms)


Started GET "/assets/application.css?body=1" for 127.0.0.1 at 2012-01-10 12:37:11 -0600
Served asset /application.css - 304 Not Modified (0ms)


Started GET "/assets/answers.css?body=1" for 127.0.0.1 at 2012-01-10 12:37:11 -0600
Served asset /answers.css - 304 Not Modified (0ms)


Started GET "/assets/courses.css?body=1" for 127.0.0.1 at 2012-01-10 12:37:11 -0600
Served asset /courses.css - 304 Not Modified (0ms)


Started GET "/assets/enrolled_students.css?body=1" for 127.0.0.1 at 2012-01-10 12:37:11 -0600
Served asset /enrolled_students.css - 304 Not Modified (0ms)


Started GET "/assets/scaffolds.css?body=1" for 127.0.0.1 at 2012-01-10 12:37:11 -0600
Served asset /scaffolds.css - 304 Not Modified (0ms)


Started GET "/assets/questions.css?body=1" for 127.0.0.1 at 2012-01-10 12:37:11 -0600
Served asset /questions.css - 304 Not Modified (0ms)


Started GET "/assets/sections.css?body=1" for 127.0.0.1 at 2012-01-10 12:37:11 -0600
Served asset /sections.css - 304 Not Modified (0ms)


Started GET "/assets/section_tests.css?body=1" for 127.0.0.1 at 2012-01-10 12:37:11 -0600
Served asset /section_tests.css - 304 Not Modified (0ms)


Started GET "/assets/semesters.css?body=1" for 127.0.0.1 at 2012-01-10 12:37:11 -0600
Served asset /semesters.css - 304 Not Modified (0ms)


Started GET "/assets/student_tests.css?body=1" for 127.0.0.1 at 2012-01-10 12:37:11 -0600
Served asset /student_tests.css - 304 Not Modified (0ms)


Started GET "/assets/users.css?body=1" for 127.0.0.1 at 2012-01-10 12:37:11 -0600
Served asset /users.css - 304 Not Modified (0ms)


Started GET "/assets/jquery.js?body=1" for 127.0.0.1 at 2012-01-10 12:37:11 -0600
Served asset /jquery.js - 304 Not Modified (0ms)


Started GET "/assets/jquery_ujs.js?body=1" for 127.0.0.1 at 2012-01-10 12:37:11 -0600
Served asset /jquery_ujs.js - 304 Not Modified (0ms)


Started GET "/assets/courses.js?body=1" for 127.0.0.1 at 2012-01-10 12:37:11 -0600
Served asset /courses.js - 304 Not Modified (0ms)


Started GET "/assets/enrolled_students.js?body=1" for 127.0.0.1 at 2012-01-10 12:37:11 -0600
Served asset /enrolled_students.js - 304 Not Modified (0ms)


Started GET "/assets/questions.js?body=1" for 127.0.0.1 at 2012-01-10 12:37:11 -0600
Served asset /questions.js - 304 Not Modified (0ms)


Started GET "/assets/section_tests.js?body=1" for 127.0.0.1 at 2012-01-10 12:37:11 -0600
Served asset /section_tests.js - 304 Not Modified (0ms)


Started GET "/assets/sections.js?body=1" for 127.0.0.1 at 2012-01-10 12:37:11 -0600
Served asset /sections.js - 304 Not Modified (0ms)


Started GET "/assets/answers.js?body=1" for 127.0.0.1 at 2012-01-10 12:37:11 -0600
Served asset /answers.js - 304 Not Modified (0ms)


Started GET "/assets/student_tests.js?body=1" for 127.0.0.1 at 2012-01-10 12:37:11 -0600
Served asset /student_tests.js - 304 Not Modified (0ms)


Started GET "/assets/semesters.js?body=1" for 127.0.0.1 at 2012-01-10 12:37:11 -0600
Served asset /semesters.js - 304 Not Modified (0ms)


Started GET "/assets/users.js?body=1" for 127.0.0.1 at 2012-01-10 12:37:11 -0600
Served asset /users.js - 304 Not Modified (0ms)


Started GET "/assets/application.js?body=1" for 127.0.0.1 at 2012-01-10 12:37:11 -0600
Served asset /application.js - 304 Not Modified (0ms)


Started GET "/student_tests" for 127.0.0.1 at 2012-01-10 12:37:29 -0600
  Processing by StudentTestsController#index as HTML
  [1m[35mStudentTest Load (0.1ms)[0m  SELECT "student_tests".* FROM "student_tests" 
Rendered student_tests/index.html.erb within layouts/application (0.3ms)
Completed 200 OK in 7ms (Views: 6.1ms | ActiveRecord: 0.2ms)


Started GET "/assets/application.css?body=1" for 127.0.0.1 at 2012-01-10 12:37:29 -0600
Served asset /application.css - 304 Not Modified (0ms)


Started GET "/assets/courses.css?body=1" for 127.0.0.1 at 2012-01-10 12:37:29 -0600
Served asset /courses.css - 304 Not Modified (0ms)


Started GET "/assets/enrolled_students.css?body=1" for 127.0.0.1 at 2012-01-10 12:37:29 -0600
Served asset /enrolled_students.css - 304 Not Modified (0ms)


Started GET "/assets/questions.css?body=1" for 127.0.0.1 at 2012-01-10 12:37:29 -0600
Served asset /questions.css - 304 Not Modified (0ms)


Started GET "/assets/scaffolds.css?body=1" for 127.0.0.1 at 2012-01-10 12:37:29 -0600
Served asset /scaffolds.css - 304 Not Modified (0ms)


Started GET "/assets/section_tests.css?body=1" for 127.0.0.1 at 2012-01-10 12:37:29 -0600
Served asset /section_tests.css - 304 Not Modified (0ms)


Started GET "/assets/users.css?body=1" for 127.0.0.1 at 2012-01-10 12:37:29 -0600
Served asset /users.css - 304 Not Modified (0ms)


Started GET "/assets/answers.css?body=1" for 127.0.0.1 at 2012-01-10 12:37:29 -0600
Served asset /answers.css - 304 Not Modified (0ms)


Started GET "/assets/sections.css?body=1" for 127.0.0.1 at 2012-01-10 12:37:29 -0600
Served asset /sections.css - 304 Not Modified (0ms)


Started GET "/assets/semesters.css?body=1" for 127.0.0.1 at 2012-01-10 12:37:29 -0600
Served asset /semesters.css - 304 Not Modified (0ms)


Started GET "/assets/student_tests.css?body=1" for 127.0.0.1 at 2012-01-10 12:37:29 -0600
Served asset /student_tests.css - 304 Not Modified (0ms)


Started GET "/assets/jquery.js?body=1" for 127.0.0.1 at 2012-01-10 12:37:29 -0600
Served asset /jquery.js - 304 Not Modified (0ms)


Started GET "/assets/jquery_ujs.js?body=1" for 127.0.0.1 at 2012-01-10 12:37:29 -0600
Served asset /jquery_ujs.js - 304 Not Modified (0ms)


Started GET "/assets/enrolled_students.js?body=1" for 127.0.0.1 at 2012-01-10 12:37:29 -0600
Served asset /enrolled_students.js - 304 Not Modified (0ms)


Started GET "/assets/courses.js?body=1" for 127.0.0.1 at 2012-01-10 12:37:29 -0600
Served asset /courses.js - 304 Not Modified (0ms)


Started GET "/assets/answers.js?body=1" for 127.0.0.1 at 2012-01-10 12:37:29 -0600
Served asset /answers.js - 304 Not Modified (0ms)


Started GET "/assets/questions.js?body=1" for 127.0.0.1 at 2012-01-10 12:37:29 -0600
Served asset /questions.js - 304 Not Modified (0ms)


Started GET "/assets/section_tests.js?body=1" for 127.0.0.1 at 2012-01-10 12:37:29 -0600
Served asset /section_tests.js - 304 Not Modified (0ms)


Started GET "/assets/sections.js?body=1" for 127.0.0.1 at 2012-01-10 12:37:29 -0600
Served asset /sections.js - 304 Not Modified (0ms)


Started GET "/assets/semesters.js?body=1" for 127.0.0.1 at 2012-01-10 12:37:29 -0600
Served asset /semesters.js - 304 Not Modified (0ms)


Started GET "/assets/student_tests.js?body=1" for 127.0.0.1 at 2012-01-10 12:37:29 -0600
Served asset /student_tests.js - 304 Not Modified (0ms)


Started GET "/assets/users.js?body=1" for 127.0.0.1 at 2012-01-10 12:37:29 -0600
Served asset /users.js - 304 Not Modified (0ms)


Started GET "/assets/application.js?body=1" for 127.0.0.1 at 2012-01-10 12:37:29 -0600
Served asset /application.js - 304 Not Modified (0ms)
  [1m[36m (0.1ms)[0m  [1mselect sqlite_version(*)[0m
  [1m[35m (241.6ms)[0m  CREATE TABLE "schema_migrations" ("version" varchar(255) NOT NULL) 
  [1m[36m (0.1ms)[0m  [1mPRAGMA index_list("schema_migrations")[0m
  [1m[35m (176.3ms)[0m  CREATE UNIQUE INDEX "unique_schema_migrations" ON "schema_migrations" ("version")
  [1m[36m (0.1ms)[0m  [1mSELECT "schema_migrations"."version" FROM "schema_migrations" [0m
Migrating to CreateUsers (20120106173556)
  [1m[35m (0.9ms)[0m  CREATE TABLE "users" ("id" INTEGER PRIMARY KEY AUTOINCREMENT NOT NULL, "user_name" varchar(255), "email" varchar(255), "first_name" varchar(255), "last_name" varchar(255), "admin" boolean, "recieve_email" boolean, "password" varchar(255), "created_at" datetime, "updated_at" datetime) 
  [1m[36m (0.2ms)[0m  [1mINSERT INTO "schema_migrations" ("version") VALUES ('20120106173556')[0m
Migrating to CreateCourses (20120106173800)
  [1m[35m (0.6ms)[0m  CREATE TABLE "courses" ("id" INTEGER PRIMARY KEY AUTOINCREMENT NOT NULL, "name" varchar(255), "number" varchar(255), "department" varchar(255), "created_at" datetime, "updated_at" datetime) 
  [1m[36m (0.1ms)[0m  [1mINSERT INTO "schema_migrations" ("version") VALUES ('20120106173800')[0m
Migrating to CreateSemesters (20120106174005)
  [1m[35m (0.8ms)[0m  CREATE TABLE "semesters" ("id" INTEGER PRIMARY KEY AUTOINCREMENT NOT NULL, "start_date" date, "end_date" date, "name" varchar(255), "created_at" datetime, "updated_at" datetime) 
  [1m[36m (0.2ms)[0m  [1mINSERT INTO "schema_migrations" ("version") VALUES ('20120106174005')[0m
Migrating to CreateSections (20120106174048)
  [1m[35m (0.4ms)[0m  CREATE TABLE "sections" ("id" INTEGER PRIMARY KEY AUTOINCREMENT NOT NULL, "number" integer, "room_number" varchar(255), "created_at" datetime, "updated_at" datetime) 
  [1m[36m (0.1ms)[0m  [1mINSERT INTO "schema_migrations" ("version") VALUES ('20120106174048')[0m
Migrating to CreateEnrolledStudents (20120106174308)
  [1m[35m (0.4ms)[0m  CREATE TABLE "enrolled_students" ("id" INTEGER PRIMARY KEY AUTOINCREMENT NOT NULL, "created_at" datetime, "updated_at" datetime) 
  [1m[36m (0.1ms)[0m  [1mINSERT INTO "schema_migrations" ("version") VALUES ('20120106174308')[0m
Migrating to CreateStudentTests (20120106174710)
  [1m[35m (0.7ms)[0m  CREATE TABLE "student_tests" ("id" INTEGER PRIMARY KEY AUTOINCREMENT NOT NULL, "time_started" datetime, "time_submitted" datetime, "created_at" datetime, "updated_at" datetime) 
  [1m[36m (0.2ms)[0m  [1mINSERT INTO "schema_migrations" ("version") VALUES ('20120106174710')[0m
Migrating to CreateQuestions (20120106175111)
  [1m[36m (0.1ms)[0m  [1mSELECT "schema_migrations"."version" FROM "schema_migrations" [0m
Migrating to CreateUsers (20120106173556)
Migrating to CreateCourses (20120106173800)
Migrating to CreateSemesters (20120106174005)
Migrating to CreateSections (20120106174048)
Migrating to CreateEnrolledStudents (20120106174308)
Migrating to CreateStudentTests (20120106174710)
Migrating to CreateQuestions (20120106175111)
  [1m[35m (0.0ms)[0m  select sqlite_version(*)
  [1m[36m (0.5ms)[0m  [1mCREATE TABLE "questions" ("id" INTEGER PRIMARY KEY AUTOINCREMENT NOT NULL, "possible_marks" float, "text" text, "bonus" boolean, "name" varchar(255), "answerable_id" integer, "answerable_type" varchar(255), "created_at" datetime, "updated_at" datetime) [0m
  [1m[35m (0.1ms)[0m  INSERT INTO "schema_migrations" ("version") VALUES ('20120106175111')
Migrating to CreateAnswers (20120106175545)
  [1m[36m (0.7ms)[0m  [1mCREATE TABLE "answers" ("id" INTEGER PRIMARY KEY AUTOINCREMENT NOT NULL, "earned_marks" float, "time_taken" float, "time_submitted" datetime, "created_at" datetime, "updated_at" datetime) [0m
  [1m[35m (0.2ms)[0m  INSERT INTO "schema_migrations" ("version") VALUES ('20120106175545')
Migrating to CreateSectionTests (20120109201919)
  [1m[36m (0.7ms)[0m  [1mCREATE TABLE "section_tests" ("id" INTEGER PRIMARY KEY AUTOINCREMENT NOT NULL, "name" varchar(255), "description" text, "start_time" datetime, "end_time" datetime, "time_submitted" datetime, "created_at" datetime, "updated_at" datetime) [0m
  [1m[35m (0.2ms)[0m  INSERT INTO "schema_migrations" ("version") VALUES ('20120109201919')
Migrating to AddAssociationIdsToSection (20120110154747)
  [1m[36m (0.4ms)[0m  [1mALTER TABLE "sections" ADD "professor_id" integer[0m
  [1m[35m (0.2ms)[0m  ALTER TABLE "sections" ADD "course_id" integer
  [1m[36m (0.2ms)[0m  [1mALTER TABLE "sections" ADD "semester_id" integer[0m
  [1m[35m (0.2ms)[0m  INSERT INTO "schema_migrations" ("version") VALUES ('20120110154747')
Migrating to AddAssociationsToAnswer (20120110155013)
  [1m[36m (0.4ms)[0m  [1mALTER TABLE "answers" ADD "student_test_id" integer[0m
  [1m[35m (0.2ms)[0m  ALTER TABLE "answers" ADD "question_id" integer
  [1m[36m (0.1ms)[0m  [1mINSERT INTO "schema_migrations" ("version") VALUES ('20120110155013')[0m
Migrating to AddAssociationsToEnrolledStudent (20120110155104)
  [1m[35m (0.6ms)[0m  ALTER TABLE "enrolled_students" ADD "student_id" integer
  [1m[36m (0.4ms)[0m  [1mALTER TABLE "enrolled_students" ADD "section_id" integer[0m
  [1m[35m (0.2ms)[0m  INSERT INTO "schema_migrations" ("version") VALUES ('20120110155104')
Migrating to AddAssociationsToQuestion (20120110155139)
  [1m[36m (0.7ms)[0m  [1mALTER TABLE "questions" ADD "test_id" integer[0m
  [1m[35m (0.2ms)[0m  INSERT INTO "schema_migrations" ("version") VALUES ('20120110155139')
Migrating to AddAssociationsToSectionTest (20120110155215)
  [1m[36m (0.6ms)[0m  [1mALTER TABLE "section_tests" ADD "section_id" integer[0m
  [1m[35m (0.1ms)[0m  INSERT INTO "schema_migrations" ("version") VALUES ('20120110155215')
Migrating to AddAssociationsToStudentTest (20120110155305)
  [1m[36m (0.6ms)[0m  [1mALTER TABLE "student_tests" ADD "enrolled_student_id" integer[0m
  [1m[35m (0.4ms)[0m  ALTER TABLE "student_tests" ADD "section_test_id" integer
  [1m[36m (0.2ms)[0m  [1mINSERT INTO "schema_migrations" ("version") VALUES ('20120110155305')[0m
Migrating to AddTypeToUsers (20120110160843)
  [1m[35m (0.7ms)[0m  ALTER TABLE "users" ADD "type" varchar(255)
  [1m[36m (0.2ms)[0m  [1mINSERT INTO "schema_migrations" ("version") VALUES ('20120110160843')[0m
Migrating to AddProfAttributesToUsers (20120110161853)
  [1m[35m (0.7ms)[0m  ALTER TABLE "users" ADD "office_number" varchar(255)
  [1m[36m (0.4ms)[0m  [1mALTER TABLE "users" ADD "office_hours" varchar(255)[0m
  [1m[35m (0.2ms)[0m  INSERT INTO "schema_migrations" ("version") VALUES ('20120110161853')
Migrating to AddStudentAttributesToUsers (20120110161932)
  [1m[36m (0.7ms)[0m  [1mALTER TABLE "users" ADD "student_number" integer[0m
  [1m[35m (0.2ms)[0m  INSERT INTO "schema_migrations" ("version") VALUES ('20120110161932')
Migrating to AddTypeToQuestions (20120111163638)
  [1m[36m (0.7ms)[0m  [1mALTER TABLE "questions" ADD "type" varchar(255)[0m
  [1m[35m (0.2ms)[0m  INSERT INTO "schema_migrations" ("version") VALUES ('20120111163638')
Migrating to AddTypeToAnswers (20120111163703)
  [1m[36m (0.7ms)[0m  [1mALTER TABLE "answers" ADD "type" varchar(255)[0m
  [1m[35m (0.2ms)[0m  INSERT INTO "schema_migrations" ("version") VALUES ('20120111163703')
Migrating to CreateLongAnswerQuestions (20120111164751)
  [1m[36m (0.4ms)[0m  [1mCREATE TABLE "long_answer_questions" ("id" INTEGER PRIMARY KEY AUTOINCREMENT NOT NULL, "created_at" datetime, "updated_at" datetime) [0m
  [1m[35m (0.1ms)[0m  INSERT INTO "schema_migrations" ("version") VALUES ('20120111164751')
Migrating to CreateLongAnswerAnswers (20120111164848)
  [1m[36m (0.6ms)[0m  [1mCREATE TABLE "long_answer_answers" ("id" INTEGER PRIMARY KEY AUTOINCREMENT NOT NULL, "created_at" datetime, "updated_at" datetime) [0m
  [1m[35m (0.2ms)[0m  INSERT INTO "schema_migrations" ("version") VALUES ('20120111164848')
  [1m[36m (0.4ms)[0m  [1mselect sqlite_version(*)[0m
  [1m[35m (0.2ms)[0m  SELECT "schema_migrations"."version" FROM "schema_migrations" 
  [1m[36m (0.0ms)[0m  [1mPRAGMA index_list("answers")[0m
  [1m[35m (0.0ms)[0m  PRAGMA index_list("courses")
  [1m[36m (0.0ms)[0m  [1mPRAGMA index_list("enrolled_students")[0m
  [1m[35m (0.1ms)[0m  PRAGMA index_list("long_answer_answers")
  [1m[36m (0.0ms)[0m  [1mPRAGMA index_list("long_answer_questions")[0m
  [1m[35m (0.0ms)[0m  PRAGMA index_list("questions")
  [1m[36m (0.0ms)[0m  [1mPRAGMA index_list("section_tests")[0m
  [1m[35m (0.0ms)[0m  PRAGMA index_list("sections")
  [1m[36m (0.0ms)[0m  [1mPRAGMA index_list("semesters")[0m
  [1m[35m (0.0ms)[0m  PRAGMA index_list("student_tests")
  [1m[36m (0.0ms)[0m  [1mPRAGMA index_list("users")[0m
SQLite3::SQLException: no such column: answers.answerable_id: SELECT "answers".* FROM "answers"  WHERE "answers"."type" IN ('LongAnswerAnswer') AND "answers"."answerable_id" = 1 AND "answers"."answerable_type" = 'Question'
SQLite3::SQLException: no such column: answers.answerable_id: SELECT "answers".* FROM "answers"  WHERE "answers"."type" IN ('LongAnswerAnswer') AND "answers"."answerable_id" = 1 AND "answers"."answerable_type" = 'Question'
SQLite3::SQLException: no such column: answers.answerable_id: SELECT "answers".* FROM "answers"  WHERE "answers"."type" IN ('LongAnswerAnswer') AND "answers"."answerable_id" = 1 AND "answers"."answerable_type" = 'Question'
  [1m[36m (0.1ms)[0m  [1mSELECT "schema_migrations"."version" FROM "schema_migrations" [0m
Migrating to CreateUsers (20120106173556)
Migrating to CreateCourses (20120106173800)
Migrating to CreateSemesters (20120106174005)
Migrating to CreateSections (20120106174048)
Migrating to CreateEnrolledStudents (20120106174308)
Migrating to CreateStudentTests (20120106174710)
Migrating to CreateQuestions (20120106175111)
Migrating to CreateAnswers (20120106175545)
Migrating to CreateSectionTests (20120109201919)
Migrating to AddAssociationIdsToSection (20120110154747)
Migrating to AddAssociationsToAnswer (20120110155013)
Migrating to AddAssociationsToEnrolledStudent (20120110155104)
Migrating to AddAssociationsToQuestion (20120110155139)
Migrating to AddAssociationsToSectionTest (20120110155215)
Migrating to AddAssociationsToStudentTest (20120110155305)
Migrating to AddTypeToUsers (20120110160843)
Migrating to AddProfAttributesToUsers (20120110161853)
Migrating to AddStudentAttributesToUsers (20120110161932)
Migrating to AddTypeToQuestions (20120111163638)
Migrating to AddTypeToAnswers (20120111163703)
Migrating to CreateLongAnswerQuestions (20120111164751)
Migrating to CreateLongAnswerAnswers (20120111164848)
Migrating to AddAnswerTextToLongAnswerAnswer (20120111202146)
  [1m[35m (0.0ms)[0m  select sqlite_version(*)
  [1m[36m (0.6ms)[0m  [1mALTER TABLE "long_answer_answers" ADD "text" text[0m
  [1m[35m (0.1ms)[0m  INSERT INTO "schema_migrations" ("version") VALUES ('20120111202146')
